     Creating library C:\Users\Олег\Desktop\Лаби\Алгоритмізація та програмування\Тринадцята\code\lab13.1\x64\Debug\UnitTest2.lib and object C:\Users\Олег\Desktop\Лаби\Алгоритмізація та програмування\Тринадцята\code\lab13.1\x64\Debug\UnitTest2.exp
UnitTest2.obj : error LNK2019: unresolved external symbol "void __cdecl nsSum::sum(void)" (?sum@nsSum@@YAXXZ) referenced in function main
UnitTest2.obj : error LNK2001: unresolved external symbol "int nsVar::n" (?n@nsVar@@3HA)
UnitTest2.obj : error LNK2001: unresolved external symbol "double nsVar::x" (?x@nsVar@@3NA)
UnitTest2.obj : error LNK2001: unresolved external symbol "double nsVar::x_p" (?x_p@nsVar@@3NA)
UnitTest2.obj : error LNK2001: unresolved external symbol "double nsVar::x_k" (?x_k@nsVar@@3NA)
UnitTest2.obj : error LNK2001: unresolved external symbol "double nsVar::dx" (?dx@nsVar@@3NA)
UnitTest2.obj : error LNK2001: unresolved external symbol "double nsVar::e" (?e@nsVar@@3NA)
UnitTest2.obj : error LNK2001: unresolved external symbol "double nsVar::s" (?s@nsVar@@3NA)
C:\Users\Олег\Desktop\Лаби\Алгоритмізація та програмування\Тринадцята\code\lab13.1\x64\Debug\UnitTest2.dll : fatal error LNK1120: 8 unresolved externals
